<?xml version="1.0" encoding="UTF-8"?>
<!-- Generated by org.testng.reporters.JUnitReportReporter -->
<testsuite hostname="bcedbeeced305234544baaaccbaafebfafive-0" failures="0" tests="1" name="runner.Testcase3" time="12.632" errors="0" timestamp="2023-09-19T15:57:28 UTC" skipped="0">
  <testcase classname="runner.Testcase3" name="TC_003" time="12.632"/>
</testsuite> <!-- runner.Testcase3 -->
