<?xml version="1.0" encoding="UTF-8"?>
<!-- Generated by org.testng.reporters.JUnitReportReporter -->
<testsuite hostname="bcedbeeced305234544baaaccbaafebfafive-0" failures="0" tests="1" name="runner.Testcase1" time="13.783" errors="0" timestamp="2023-09-19T15:27:11 UTC" skipped="0">
  <testcase classname="runner.Testcase1" name="TC_002" time="13.783"/>
</testsuite> <!-- runner.Testcase1 -->
