<?xml version="1.0" encoding="UTF-8"?>
<!-- Generated by org.testng.reporters.JUnitReportReporter -->
<testsuite hostname="bcedbeeced305234544baaaccbaafebfafive-0" failures="0" tests="1" name="runner.Testcase1" time="14.537" errors="0" timestamp="2023-09-19T15:32:43 UTC" skipped="0">
  <testcase classname="runner.Testcase1" name="TC_003" time="14.537"/>
</testsuite> <!-- runner.Testcase1 -->
