<?xml version="1.0" encoding="UTF-8"?>
<!-- Generated by org.testng.reporters.JUnitReportReporter -->
<testsuite hostname="bcedbeeced305234544baaaccbaafebfafive-0" failures="0" tests="1" name="runner.Testcase2" time="12.773" errors="0" timestamp="2023-09-19T16:29:35 UTC" skipped="0">
  <testcase classname="runner.Testcase2" name="TC_002" time="12.773"/>
</testsuite> <!-- runner.Testcase2 -->
