<?xml version="1.0" encoding="UTF-8"?>
<!-- Generated by org.testng.reporters.JUnitReportReporter -->
<testsuite hostname="bcedbeeced305234544baaaccbaafebfafive-0" failures="0" tests="3" name="runner.Testcase1" time="30.967" errors="0" timestamp="2023-09-19T08:50:47 UTC" skipped="0">
  <testcase classname="runner.Testcase1" name="TC_001" time="9.859"/>
  <testcase classname="runner.Testcase1" name="TC_002" time="10.954"/>
  <testcase classname="runner.Testcase1" name="TC_003" time="10.154"/>
</testsuite> <!-- runner.Testcase1 -->
